Performing C SOURCE FILE Test CMAKE_HAVE_LIBC_PTHREAD failed with the following output:
Change Dir: /home/paras/Downloads/GPU/Project/rrt_cpu/cmake-build-debug/CMakeFiles/CMakeTmp

Run Build Command(s):/usr/bin/make cmTC_72bf7/fast && /usr/bin/make  -f CMakeFiles/cmTC_72bf7.dir/build.make CMakeFiles/cmTC_72bf7.dir/build
make[1]: Entering directory '/home/paras/Downloads/GPU/Project/rrt_cpu/cmake-build-debug/CMakeFiles/CMakeTmp'
Building C object CMakeFiles/cmTC_72bf7.dir/src.c.o
/usr/bin/cc -DCMAKE_HAVE_LIBC_PTHREAD   -o CMakeFiles/cmTC_72bf7.dir/src.c.o -c /home/paras/Downloads/GPU/Project/rrt_cpu/cmake-build-debug/CMakeFiles/CMakeTmp/src.c
Linking C executable cmTC_72bf7
/opt/clion-2021.1/bin/cmake/linux/bin/cmake -E cmake_link_script CMakeFiles/cmTC_72bf7.dir/link.txt --verbose=1
/usr/bin/cc CMakeFiles/cmTC_72bf7.dir/src.c.o -o cmTC_72bf7 
CMakeFiles/cmTC_72bf7.dir/src.c.o: In function `main':
src.c:(.text+0x3e): undefined reference to `pthread_create'
src.c:(.text+0x4a): undefined reference to `pthread_detach'
src.c:(.text+0x56): undefined reference to `pthread_cancel'
src.c:(.text+0x67): undefined reference to `pthread_join'
src.c:(.text+0x7b): undefined reference to `pthread_atfork'
collect2: error: ld returned 1 exit status
CMakeFiles/cmTC_72bf7.dir/build.make:105: recipe for target 'cmTC_72bf7' failed
make[1]: *** [cmTC_72bf7] Error 1
make[1]: Leaving directory '/home/paras/Downloads/GPU/Project/rrt_cpu/cmake-build-debug/CMakeFiles/CMakeTmp'
Makefile:140: recipe for target 'cmTC_72bf7/fast' failed
make: *** [cmTC_72bf7/fast] Error 2


Source file was:
#include <pthread.h>

static void* test_func(void* data)
{
  return data;
}

int main(void)
{
  pthread_t thread;
  pthread_create(&thread, NULL, test_func, NULL);
  pthread_detach(thread);
  pthread_cancel(thread);
  pthread_join(thread, NULL);
  pthread_atfork(NULL, NULL, NULL);
  pthread_exit(NULL);

  return 0;
}

Determining if the function pthread_create exists in the pthreads failed with the following output:
Change Dir: /home/paras/Downloads/GPU/Project/rrt_cpu/cmake-build-debug/CMakeFiles/CMakeTmp

Run Build Command(s):/usr/bin/make cmTC_8865d/fast && /usr/bin/make  -f CMakeFiles/cmTC_8865d.dir/build.make CMakeFiles/cmTC_8865d.dir/build
make[1]: Entering directory '/home/paras/Downloads/GPU/Project/rrt_cpu/cmake-build-debug/CMakeFiles/CMakeTmp'
Building C object CMakeFiles/cmTC_8865d.dir/CheckFunctionExists.c.o
/usr/bin/cc   -DCHECK_FUNCTION_EXISTS=pthread_create -o CMakeFiles/cmTC_8865d.dir/CheckFunctionExists.c.o -c /opt/clion-2021.1/bin/cmake/linux/share/cmake-3.19/Modules/CheckFunctionExists.c
Linking C executable cmTC_8865d
/opt/clion-2021.1/bin/cmake/linux/bin/cmake -E cmake_link_script CMakeFiles/cmTC_8865d.dir/link.txt --verbose=1
/usr/bin/cc  -DCHECK_FUNCTION_EXISTS=pthread_create CMakeFiles/cmTC_8865d.dir/CheckFunctionExists.c.o -o cmTC_8865d  -lpthreads 
/usr/bin/ld: cannot find -lpthreads
collect2: error: ld returned 1 exit status
CMakeFiles/cmTC_8865d.dir/build.make:105: recipe for target 'cmTC_8865d' failed
make[1]: *** [cmTC_8865d] Error 1
make[1]: Leaving directory '/home/paras/Downloads/GPU/Project/rrt_cpu/cmake-build-debug/CMakeFiles/CMakeTmp'
Makefile:140: recipe for target 'cmTC_8865d/fast' failed
make: *** [cmTC_8865d/fast] Error 2



